\BOOKMARK [1][-]{section.1}{Introduction}{}% 1
\BOOKMARK [1][-]{section.2}{Methods}{}% 2
\BOOKMARK [2][-]{subsection.2.1}{Generative Adversarial Networks}{section.2}% 3
\BOOKMARK [2][-]{subsection.2.2}{Target distribution for the generator}{section.2}% 4
\BOOKMARK [2][-]{subsection.2.3}{Discrete variables}{section.2}% 5
\BOOKMARK [2][-]{subsection.2.4}{Continuous variables}{section.2}% 6
\BOOKMARK [1][-]{section.3}{Related Work}{}% 7
\BOOKMARK [1][-]{section.4}{Results}{}% 8
\BOOKMARK [2][-]{subsection.4.1}{Discrete variables}{section.4}% 9
\BOOKMARK [3][-]{subsubsection.4.1.1}{Datasets}{subsection.4.1}% 10
\BOOKMARK [3][-]{subsubsection.4.1.2}{Setup}{subsection.4.1}% 11
\BOOKMARK [3][-]{subsubsection.4.1.3}{Generation results}{subsection.4.1}% 12
\BOOKMARK [3][-]{subsubsection.4.1.4}{Modal analysis?}{subsection.4.1}% 13
\BOOKMARK [3][-]{subsubsection.4.1.5}{Re-parameteration methods}{subsection.4.1}% 14
\BOOKMARK [2][-]{subsection.4.2}{Continuous variables}{section.4}% 15
\BOOKMARK [3][-]{subsubsection.4.2.1}{Datasets}{subsection.4.2}% 16
\BOOKMARK [3][-]{subsubsection.4.2.2}{Setup}{subsection.4.2}% 17
\BOOKMARK [3][-]{subsubsection.4.2.3}{Generation results}{subsection.4.2}% 18
\BOOKMARK [3][-]{subsubsection.4.2.4}{Comparison to normal GANs}{subsection.4.2}% 19
\BOOKMARK [1][-]{section.5}{Conclusion}{}% 20
